aplicativo/Build/intermediates/manifest_merge_blame_file/debug/manifest-merger-blame-debug-report.txt
1<?xml version="1.0" encoding="utf-8"?>
2<manifest xmlns:android="http://schemas.android.com/apk/res/android"
3    package="org.vosk.demo"
4    android:versionCode="1"
5    android:versionName="1.1" >
6
7    <uses-sdk
8        android:minSdkVersion="21"
8-->src\main\AndroidManifest.xml
9        android:targetSdkVersion="31" />
9-->src\main\AndroidManifest.xml
10
11    <queries>
11-->src\main\AndroidManifest.xml:6:5-10:15
12        <intent>
12-->src\main\AndroidManifest.xml:7:9-9:18
13            <action android:name="android.intent.action.TTS_SERVICE" />
13-->src\main\AndroidManifest.xml:8:13-72
13-->src\main\AndroidManifest.xml:8:21-69
14        </intent>
15    </queries>
16
17    <uses-permission android:name="android.permission.WRITE_EXTERNAL_STORAGE" />
17-->src\main\AndroidManifest.xml:12:5-81
17-->src\main\AndroidManifest.xml:12:22-78
18    <uses-permission android:name="android.permission.RECORD_AUDIO" />
18-->src\main\AndroidManifest.xml:13:5-71
18-->src\main\AndroidManifest.xml:13:22-68
19
20    <application
20-->src\main\AndroidManifest.xml:15:5-45:19
21        android:name="org.FreeEnglishTrain.utils.Globals"
21-->src\main\AndroidManifest.xml:16:9-58
22        android:allowBackup="false"
22-->src\main\AndroidManifest.xml:17:9-36
23        android:appComponentFactory="androidx.core.app.CoreComponentFactory"
23-->[androidx.core:core:1.5.0] AndroidManifest.xml:24:18-86
24        android:dataExtractionRules="@xml/data_extraction_rules"
24-->src\main\AndroidManifest.xml:18:9-65
25        android:debuggable="true"
26        android:icon="@drawable/icon"
26-->src\main\AndroidManifest.xml:19:9-38
27        android:label="@string/app_name"
27-->src\main\AndroidManifest.xml:20:9-41
28        android:testOnly="true" >
29        <activity
29-->src\main\AndroidManifest.xml:22:9-24:39
30            android:name="org.FreeEnglishTrain.speak.Congratulations"
30-->src\main\AndroidManifest.xml:23:13-44
31            android:exported="true" />
31-->src\main\AndroidManifest.xml:24:13-36
32        <activity
32-->src\main\AndroidManifest.xml:25:9-27:39
33            android:name="org.FreeEnglishTrain.speak.Treino"
33-->src\main\AndroidManifest.xml:26:13-35
34            android:exported="true" />
34-->src\main\AndroidManifest.xml:27:13-36
35        <activity
35-->src\main\AndroidManifest.xml:28:9-30:39
36            android:name="org.FreeEnglishTrain.speak.Configuracao"
36-->src\main\AndroidManifest.xml:29:13-41
37            android:exported="true" />
37-->src\main\AndroidManifest.xml:30:13-36
38        <activity
38-->src\main\AndroidManifest.xml:32:9-34:39
39            android:name="org.FreeEnglishTrain.speak.SelecionarTema"
39-->src\main\AndroidManifest.xml:33:13-43
40            android:exported="true" />
40-->src\main\AndroidManifest.xml:34:13-36
41        <activity
41-->src\main\AndroidManifest.xml:35:9-43:20
42            android:name="org.FreeEnglishTrain.speak.Inicial"
42-->src\main\AndroidManifest.xml:36:13-36
43            android:exported="true" >
43-->src\main\AndroidManifest.xml:37:13-36
44            <intent-filter>
44-->src\main\AndroidManifest.xml:38:13-42:29
45                <action android:name="android.intent.action.MAIN" />
45-->src\main\AndroidManifest.xml:39:17-69
45-->src\main\AndroidManifest.xml:39:25-66
46
47                <category android:name="android.intent.category.LAUNCHER" />
47-->src\main\AndroidManifest.xml:41:17-77
47-->src\main\AndroidManifest.xml:41:27-74
48            </intent-filter>
49        </activity>
50    </application>
51
52</manifest>